<?xml version="1.0" encoding="UTF-8"?>
<!-- Generated by org.testng.reporters.JUnitXMLReporter -->
<testsuite ignored="0" hostname="LAPTOP-VU3PB39N" failures="0" tests="3" name="Surefire test" time="58.757" errors="0" timestamp="2024-09-22T19:02:55 IST">
  <testcase classname="io.cucumber.testng.AbstractTestNGCucumberTests" name="runScenario" time="27.514"/>
  <testcase classname="RahulShettyAcademy.test.SubmitOrderTest" name="submitOrder" time="21.436"/>
  <testcase classname="RahulShettyAcademy.test.SubmitOrderTest" name="OrderHistoryTest" time="1.447"/>
</testsuite> <!-- Surefire test -->
