<?xml version="1.0" encoding="UTF-8"?>
<!-- Generated by org.testng.reporters.JUnitXMLReporter -->
<testsuite ignored="1" hostname="LAPTOP-VU3PB39N" failures="1" tests="1" name="ErrorValidations" time="0.202" errors="0" timestamp="2024-09-10T10:01:27 IST">
  <testcase classname="RahulShettyAcademy.test.ExceptionValidation" name="LoginErrorValidation" time="0.04">
    <failure type="java.lang.NullPointerException" message="Cannot invoke &amp;quot;RahulShettyAcademy.pageobjects.LandingPage.LoginApplication(String, String)&amp;quot; because &amp;quot;this.landingPage&amp;quot; is null">
      <![CDATA[java.lang.NullPointerException: Cannot invoke "RahulShettyAcademy.pageobjects.LandingPage.LoginApplication(String, String)" because "this.landingPage" is null
at RahulShettyAcademy.test.ExceptionValidation.LoginErrorValidation(ExceptionValidation.java:23)
at java.base/java.util.ArrayList.forEach(ArrayList.java:1597)
at java.base/java.util.concurrent.FutureTask.run(FutureTask.java:317)
at java.base/java.util.concurrent.ThreadPoolExecutor.runWorker(ThreadPoolExecutor.java:1144)
at java.base/java.util.concurrent.ThreadPoolExecutor$Worker.run(ThreadPoolExecutor.java:642)
at java.base/java.lang.Thread.run(Thread.java:1570)
... Removed 15 stack frames]]>
    </failure>
  </testcase> <!-- LoginErrorValidation -->
  <testcase classname="RahulShettyAcademy.test.ExceptionValidation" name="ProductErrorValidation" time="0.0">
    <ignored/>
  </testcase> <!-- ProductErrorValidation -->
</testsuite> <!-- ErrorValidations -->
