<?xml version="1.0" encoding="UTF-8"?>
<testng-results ignored="0" total="3" passed="3" failed="0" skipped="0">
  <reporter-output>
  </reporter-output>
  <suite started-at="2024-09-22T19:01:56 IST" name="Surefire suite" finished-at="2024-09-22T19:02:55 IST" duration-ms="58757">
    <groups>
      <group name="cucumber">
        <method signature="AbstractTestNGCucumberTests.runScenario(io.cucumber.testng.PickleWrapper,io.cucumber.testng.FeatureWrapper)[pri:0, instance:Cucumber.TestNGTestRunner@c267ef4]" name="runScenario" class="io.cucumber.testng.AbstractTestNGCucumberTests"/>
      </group> <!-- cucumber -->
    </groups>
    <test started-at="2024-09-22T19:01:56 IST" name="Surefire test" finished-at="2024-09-22T19:02:55 IST" duration-ms="58757">
      <class name="RahulShettyAcademy.test.SubmitOrderTest">
        <test-method is-config="true" signature="LaunchApplication()[pri:0, instance:RahulShettyAcademy.test.SubmitOrderTest@1725dc0f]" started-at="2024-09-22T19:02:25 IST" name="LaunchApplication" finished-at="2024-09-22T19:02:28 IST" duration-ms="2377" status="PASS">
          <reporter-output>
          </reporter-output>
        </test-method> <!-- LaunchApplication -->
        <test-method signature="submitOrder()[pri:0, instance:RahulShettyAcademy.test.SubmitOrderTest@1725dc0f]" started-at="2024-09-22T19:02:28 IST" name="submitOrder" finished-at="2024-09-22T19:02:49 IST" duration-ms="21436" status="PASS">
          <reporter-output>
          </reporter-output>
        </test-method> <!-- submitOrder -->
        <test-method is-config="true" signature="TearDown()[pri:0, instance:RahulShettyAcademy.test.SubmitOrderTest@1725dc0f]" started-at="2024-09-22T19:02:49 IST" name="TearDown" finished-at="2024-09-22T19:02:49 IST" duration-ms="369" status="PASS">
          <reporter-output>
          </reporter-output>
        </test-method> <!-- TearDown -->
        <test-method is-config="true" signature="LaunchApplication()[pri:0, instance:RahulShettyAcademy.test.SubmitOrderTest@1725dc0f]" started-at="2024-09-22T19:02:49 IST" name="LaunchApplication" finished-at="2024-09-22T19:02:53 IST" duration-ms="3754" status="PASS">
          <reporter-output>
          </reporter-output>
        </test-method> <!-- LaunchApplication -->
        <test-method signature="OrderHistoryTest()[pri:0, instance:RahulShettyAcademy.test.SubmitOrderTest@1725dc0f]" started-at="2024-09-22T19:02:53 IST" name="OrderHistoryTest" finished-at="2024-09-22T19:02:55 IST" depends-on-methods="RahulShettyAcademy.test.SubmitOrderTest.submitOrder" duration-ms="1447" status="PASS">
          <reporter-output>
          </reporter-output>
        </test-method> <!-- OrderHistoryTest -->
        <test-method is-config="true" signature="TearDown()[pri:0, instance:RahulShettyAcademy.test.SubmitOrderTest@1725dc0f]" started-at="2024-09-22T19:02:55 IST" name="TearDown" finished-at="2024-09-22T19:02:55 IST" duration-ms="267" status="PASS">
          <reporter-output>
          </reporter-output>
        </test-method> <!-- TearDown -->
      </class> <!-- RahulShettyAcademy.test.SubmitOrderTest -->
      <class name="Cucumber.TestNGTestRunner">
        <test-method is-config="true" signature="setUpClass(org.testng.ITestContext)[pri:0, instance:Cucumber.TestNGTestRunner@c267ef4]" started-at="2024-09-22T19:01:56 IST" name="setUpClass" finished-at="2024-09-22T19:01:58 IST" duration-ms="1329" status="PASS">
          <params>
            <param index="0">
              <value>
                <![CDATA[org.testng.TestRunner@46aa712c]]>
              </value>
            </param>
          </params>
          <reporter-output>
          </reporter-output>
        </test-method> <!-- setUpClass -->
        <test-method signature="runScenario(io.cucumber.testng.PickleWrapper,io.cucumber.testng.FeatureWrapper)[pri:0, instance:Cucumber.TestNGTestRunner@c267ef4]" started-at="2024-09-22T19:01:58 IST" name="runScenario" description="Runs Cucumber Scenarios" data-provider="scenarios" finished-at="2024-09-22T19:02:25 IST" duration-ms="27514" status="PASS">
          <params>
            <param index="0">
              <value>
                <![CDATA["Positive test of submitting the order"]]>
              </value>
            </param>
            <param index="1">
              <value>
                <![CDATA["Purchase the order from Ecommerce Website"]]>
              </value>
            </param>
          </params>
          <reporter-output>
          </reporter-output>
        </test-method> <!-- runScenario -->
        <test-method is-config="true" signature="tearDownClass()[pri:0, instance:Cucumber.TestNGTestRunner@c267ef4]" started-at="2024-09-22T19:02:25 IST" name="tearDownClass" finished-at="2024-09-22T19:02:25 IST" duration-ms="143" status="PASS">
          <reporter-output>
          </reporter-output>
        </test-method> <!-- tearDownClass -->
      </class> <!-- Cucumber.TestNGTestRunner -->
    </test> <!-- Surefire test -->
  </suite> <!-- Surefire suite -->
</testng-results>
