<?xml version="1.0" encoding="UTF-8"?>
<!-- Generated by org.testng.reporters.JUnitReportReporter -->
<testsuite hostname="LAPTOP-VU3PB39N" failures="0" tests="2" name="RahulShettyAcademy.test.SubmitOrderTest" time="107.807" errors="0" timestamp="2024-09-09T18:50:25 IST" skipped="0">
  <testcase classname="RahulShettyAcademy.test.SubmitOrderTest" name="submitOrder" time="99.820"/>
  <testcase classname="RahulShettyAcademy.test.SubmitOrderTest" name="OrderHistoryTest" time="7.987"/>
</testsuite> <!-- RahulShettyAcademy.test.SubmitOrderTest -->
