<?xml version="1.0" encoding="UTF-8"?>
<!-- Generated by org.testng.reporters.JUnitReportReporter -->
<testsuite hostname="LAPTOP-VU3PB39N" failures="0" tests="2" name="RahulShettyAcademy.test.SubmitOrderTest" time="29.650" errors="0" timestamp="2024-09-22T19:02:55 IST" skipped="0">
  <testcase classname="RahulShettyAcademy.test.SubmitOrderTest" name="submitOrder" time="25.559"/>
  <testcase classname="RahulShettyAcademy.test.SubmitOrderTest" name="OrderHistoryTest" time="4.091"/>
</testsuite> <!-- RahulShettyAcademy.test.SubmitOrderTest -->
